17:10:07 **** Build of configuration Release for project driverVigilancia ****
make all 
Building file: ../src/Comunicacao.cpp
Invoking: GCC C++ Compiler
g++ -I"/home/ramonmaciel/MEGA/MEGAsyncUploads/IFBA/Embarcados/projeto-dupla/embarcados/vigilancia/cppProject/driverVigilancia/include" -O3 -Wall -c -fmessage-length=0 -fPIC -MMD -MP -MF"src/Comunicacao.d" -MT"src/Comunicacao.d" -o "src/Comunicacao.o" "../src/Comunicacao.cpp"
Finished building: ../src/Comunicacao.cpp
 
Building file: ../src/Executor.cpp
Invoking: GCC C++ Compiler
g++ -I"/home/ramonmaciel/MEGA/MEGAsyncUploads/IFBA/Embarcados/projeto-dupla/embarcados/vigilancia/cppProject/driverVigilancia/include" -O3 -Wall -c -fmessage-length=0 -fPIC -MMD -MP -MF"src/Executor.d" -MT"src/Executor.d" -o "src/Executor.o" "../src/Executor.cpp"
../src/Executor.cpp: In function ‘int main(int, char**)’:
../src/Executor.cpp:27:46: warning: deprecated conversion from string constant to ‘char*’ [-Wwrite-strings]
  Comunicacao com = Comunicacao("/dev/ttyUSB1"); //verificar a porta correta na interface do arduino, no linux sera diferente
                                              ^
../src/Executor.cpp:24:8: warning: unused variable ‘primAcelX’ [-Wunused-variable]
  short primAcelX, primAcelY, primAcelZ, primGiroX, primGiroY, primGiroZ;
        ^
../src/Executor.cpp:24:19: warning: unused variable ‘primAcelY’ [-Wunused-variable]
  short primAcelX, primAcelY, primAcelZ, primGiroX, primGiroY, primGiroZ;
                   ^
../src/Executor.cpp:24:30: warning: unused variable ‘primAcelZ’ [-Wunused-variable]
  short primAcelX, primAcelY, primAcelZ, primGiroX, primGiroY, primGiroZ;
                              ^
../src/Executor.cpp:24:41: warning: unused variable ‘primGiroX’ [-Wunused-variable]
  short primAcelX, primAcelY, primAcelZ, primGiroX, primGiroY, primGiroZ;
                                         ^
../src/Executor.cpp:24:52: warning: unused variable ‘primGiroY’ [-Wunused-variable]
  short primAcelX, primAcelY, primAcelZ, primGiroX, primGiroY, primGiroZ;
                                                    ^
../src/Executor.cpp:24:63: warning: unused variable ‘primGiroZ’ [-Wunused-variable]
  short primAcelX, primAcelY, primAcelZ, primGiroX, primGiroY, primGiroZ;
                                                               ^
Finished building: ../src/Executor.cpp
 
Building target: driverVigilancia.so
Invoking: GCC C++ Linker
g++ -shared -o "driverVigilancia.so"  ./src/Comunicacao.o ./src/Executor.o   
Finished building target: driverVigilancia.so
 

17:10:09 Build Finished (took 1s.469ms)

